Performing C SOURCE FILE Test CMAKE_HAVE_LIBC_PTHREAD failed with the following output:
Change Dir: /root/workspace/test/ODBC-Pushdown-Process-Container_40k/build/CMakeFiles/CMakeTmp

Run Build Command(s):/usr/bin/make -f Makefile cmTC_03ec8/fast && /usr/bin/make  -f CMakeFiles/cmTC_03ec8.dir/build.make CMakeFiles/cmTC_03ec8.dir/build
make[1]: Entering directory '/root/workspace/test/ODBC-Pushdown-Process-Container_40k/build/CMakeFiles/CMakeTmp'
Building C object CMakeFiles/cmTC_03ec8.dir/src.c.o
/usr/bin/gcc -DCMAKE_HAVE_LIBC_PTHREAD   -o CMakeFiles/cmTC_03ec8.dir/src.c.o -c /root/workspace/test/ODBC-Pushdown-Process-Container_40k/build/CMakeFiles/CMakeTmp/src.c
Linking C executable cmTC_03ec8
/usr/local/bin/cmake -E cmake_link_script CMakeFiles/cmTC_03ec8.dir/link.txt --verbose=1
/usr/bin/gcc CMakeFiles/cmTC_03ec8.dir/src.c.o -o cmTC_03ec8 
/usr/bin/ld: CMakeFiles/cmTC_03ec8.dir/src.c.o: in function `main':
src.c:(.text+0x46): undefined reference to `pthread_create'
/usr/bin/ld: src.c:(.text+0x52): undefined reference to `pthread_detach'
/usr/bin/ld: src.c:(.text+0x5e): undefined reference to `pthread_cancel'
/usr/bin/ld: src.c:(.text+0x6f): undefined reference to `pthread_join'
collect2: error: ld returned 1 exit status
make[1]: *** [CMakeFiles/cmTC_03ec8.dir/build.make:99: cmTC_03ec8] Error 1
make[1]: Leaving directory '/root/workspace/test/ODBC-Pushdown-Process-Container_40k/build/CMakeFiles/CMakeTmp'
make: *** [Makefile:127: cmTC_03ec8/fast] Error 2


Source file was:
#include <pthread.h>

static void* test_func(void* data)
{
  return data;
}

int main(void)
{
  pthread_t thread;
  pthread_create(&thread, NULL, test_func, NULL);
  pthread_detach(thread);
  pthread_cancel(thread);
  pthread_join(thread, NULL);
  pthread_atfork(NULL, NULL, NULL);
  pthread_exit(NULL);

  return 0;
}

Determining if the function pthread_create exists in the pthreads failed with the following output:
Change Dir: /root/workspace/test/ODBC-Pushdown-Process-Container_40k/build/CMakeFiles/CMakeTmp

Run Build Command(s):/usr/bin/make -f Makefile cmTC_9a972/fast && /usr/bin/make  -f CMakeFiles/cmTC_9a972.dir/build.make CMakeFiles/cmTC_9a972.dir/build
make[1]: Entering directory '/root/workspace/test/ODBC-Pushdown-Process-Container_40k/build/CMakeFiles/CMakeTmp'
Building C object CMakeFiles/cmTC_9a972.dir/CheckFunctionExists.c.o
/usr/bin/gcc   -DCHECK_FUNCTION_EXISTS=pthread_create -o CMakeFiles/cmTC_9a972.dir/CheckFunctionExists.c.o -c /usr/local/share/cmake-3.22/Modules/CheckFunctionExists.c
Linking C executable cmTC_9a972
/usr/local/bin/cmake -E cmake_link_script CMakeFiles/cmTC_9a972.dir/link.txt --verbose=1
/usr/bin/gcc  -DCHECK_FUNCTION_EXISTS=pthread_create CMakeFiles/cmTC_9a972.dir/CheckFunctionExists.c.o -o cmTC_9a972  -lpthreads 
/usr/bin/ld: cannot find -lpthreads
collect2: error: ld returned 1 exit status
make[1]: *** [CMakeFiles/cmTC_9a972.dir/build.make:99: cmTC_9a972] Error 1
make[1]: Leaving directory '/root/workspace/test/ODBC-Pushdown-Process-Container_40k/build/CMakeFiles/CMakeTmp'
make: *** [Makefile:127: cmTC_9a972/fast] Error 2



